# JRE version: Java(TM) SE Runtime Environment (8.0_231-b11) (build 1.8.0_231-b11)
# Java VM: Java HotSpot(TM) 64-Bit Server VM (25.231-b11 mixed mode windows-amd64 compressed oops)
Heap:
 PSYoungGen      total 398848K, used 305657K [0x000000076b800000, 0x000000078e980000, 0x00000007c0000000)
  eden space 383488K, 75% used [0x000000076b800000,0x000000077d381bf0,0x0000000782e80000)
  from space 15360K, 99% used [0x0000000782e80000,0x0000000783d7c8b0,0x0000000783d80000)
  to   space 25088K, 0% used [0x000000078d100000,0x000000078d100000,0x000000078e980000)
 ParOldGen       total 125952K, used 41282K [0x00000006c2800000, 0x00000006ca300000, 0x000000076b800000)
  object space 125952K, 32% used [0x00000006c2800000,0x00000006c50509c0,0x00000006ca300000)
 Metaspace       used 43092K, capacity 43732K, committed 44032K, reserved 1087488K
  class space    used 5146K, capacity 5284K, committed 5376K, reserved 1048576K
GC Heap History (10 events):
Event: 7.623 GC heap before
{Heap before GC invocations=7 (full 1):
 PSYoungGen      total 140800K, used 136753K [0x000000076b800000, 0x000000077ad80000, 0x00000007c0000000)
  eden space 130048K, 100% used [0x000000076b800000,0x0000000773700000,0x0000000773700000)
  from space 10752K, 62% used [0x0000000773700000,0x0000000773d8c580,0x0000000774180000)
  to   space 8704K, 0% used [0x000000077a500000,0x000000077a500000,0x000000077ad80000)
 ParOldGen       total 84480K, used 7609K [0x00000006c2800000, 0x00000006c7a80000, 0x000000076b800000)
  object space 84480K, 9% used [0x00000006c2800000,0x00000006c2f6e4b0,0x00000006c7a80000)
 Metaspace       used 30243K, capacity 30640K, committed 30976K, reserved 1077248K
  class space    used 3645K, capacity 3743K, committed 3840K, reserved 1048576K
Event: 7.635 GC heap after
Heap after GC invocations=7 (full 1):
 PSYoungGen      total 237568K, used 8697K [0x000000076b800000, 0x000000077ad80000, 0x00000007c0000000)
  eden space 228864K, 0% used [0x000000076b800000,0x000000076b800000,0x0000000779780000)
  from space 8704K, 99% used [0x000000077a500000,0x000000077ad7e600,0x000000077ad80000)
  to   space 11264K, 0% used [0x0000000779780000,0x0000000779780000,0x000000077a280000)
 ParOldGen       total 84480K, used 10635K [0x00000006c2800000, 0x00000006c7a80000, 0x000000076b800000)
  object space 84480K, 12% used [0x00000006c2800000,0x00000006c3262fa0,0x00000006c7a80000)
 Metaspace       used 30243K, capacity 30640K, committed 30976K, reserved 1077248K
  class space    used 3645K, capacity 3743K, committed 3840K, reserved 1048576K
}
Event: 9.439 GC heap before
{Heap before GC invocations=8 (full 1):
 PSYoungGen      total 237568K, used 182790K [0x000000076b800000, 0x000000077ad80000, 0x00000007c0000000)
  eden space 228864K, 76% used [0x000000076b800000,0x00000007762035e8,0x0000000779780000)
  from space 8704K, 99% used [0x000000077a500000,0x000000077ad7e600,0x000000077ad80000)
  to   space 11264K, 0% used [0x0000000779780000,0x0000000779780000,0x000000077a280000)
 ParOldGen       total 84480K, used 10635K [0x00000006c2800000, 0x00000006c7a80000, 0x000000076b800000)
  object space 84480K, 12% used [0x00000006c2800000,0x00000006c3262fa0,0x00000006c7a80000)
 Metaspace       used 34806K, capacity 35156K, committed 35496K, reserved 1081344K
  class space    used 4175K, capacity 4261K, committed 4352K, reserved 1048576K
Event: 9.456 GC heap after
Heap after GC invocations=8 (full 1):
 PSYoungGen      total 240128K, used 11247K [0x000000076b800000, 0x0000000785700000, 0x00000007c0000000)
  eden space 228864K, 0% used [0x000000076b800000,0x000000076b800000,0x0000000779780000)
  from space 11264K, 99% used [0x0000000779780000,0x000000077a27bc90,0x000000077a280000)
  to   space 15360K, 0% used [0x0000000784800000,0x0000000784800000,0x0000000785700000)
 ParOldGen       total 84480K, used 16045K [0x00000006c2800000, 0x00000006c7a80000, 0x000000076b800000)
  object space 84480K, 18% used [0x00000006c2800000,0x00000006c37ab4b8,0x00000006c7a80000)
 Metaspace       used 34806K, capacity 35156K, committed 35496K, reserved 1081344K
  class space    used 4175K, capacity 4261K, committed 4352K, reserved 1048576K
}
Event: 9.456 GC heap before
{Heap before GC invocations=9 (full 2):
 PSYoungGen      total 240128K, used 11247K [0x000000076b800000, 0x0000000785700000, 0x00000007c0000000)
  eden space 228864K, 0% used [0x000000076b800000,0x000000076b800000,0x0000000779780000)
  from space 11264K, 99% used [0x0000000779780000,0x000000077a27bc90,0x000000077a280000)
  to   space 15360K, 0% used [0x0000000784800000,0x0000000784800000,0x0000000785700000)
 ParOldGen       total 84480K, used 16045K [0x00000006c2800000, 0x00000006c7a80000, 0x000000076b800000)
  object space 84480K, 18% used [0x00000006c2800000,0x00000006c37ab4b8,0x00000006c7a80000)
 Metaspace       used 34806K, capacity 35156K, committed 35496K, reserved 1081344K
  class space    used 4175K, capacity 4261K, committed 4352K, reserved 1048576K
Event: 9.514 GC heap after
Heap after GC invocations=9 (full 2):
 PSYoungGen      total 240128K, used 0K [0x000000076b800000, 0x0000000785700000, 0x00000007c0000000)
  eden space 228864K, 0% used [0x000000076b800000,0x000000076b800000,0x0000000779780000)
  from space 11264K, 0% used [0x0000000779780000,0x0000000779780000,0x000000077a280000)
  to   space 15360K, 0% used [0x0000000784800000,0x0000000784800000,0x0000000785700000)
 ParOldGen       total 125952K, used 22918K [0x00000006c2800000, 0x00000006ca300000, 0x000000076b800000)
  object space 125952K, 18% used [0x00000006c2800000,0x00000006c3e61848,0x00000006ca300000)
 Metaspace       used 34806K, capacity 35156K, committed 35496K, reserved 1081344K
  class space    used 4175K, capacity 4261K, committed 4352K, reserved 1048576K
}
Event: 10.920 GC heap before
{Heap before GC invocations=10 (full 2):
 PSYoungGen      total 240128K, used 228864K [0x000000076b800000, 0x0000000785700000, 0x00000007c0000000)
  eden space 228864K, 100% used [0x000000076b800000,0x0000000779780000,0x0000000779780000)
  from space 11264K, 0% used [0x0000000779780000,0x0000000779780000,0x000000077a280000)
  to   space 15360K, 0% used [0x0000000784800000,0x0000000784800000,0x0000000785700000)
 ParOldGen       total 125952K, used 22918K [0x00000006c2800000, 0x00000006ca300000, 0x000000076b800000)
  object space 125952K, 18% used [0x00000006c2800000,0x00000006c3e61848,0x00000006ca300000)
 Metaspace       used 38141K, capacity 38528K, committed 39040K, reserved 1083392K
  class space    used 4555K, capacity 4663K, committed 4736K, reserved 1048576K
Event: 10.926 GC heap after
Heap after GC invocations=10 (full 2):
 PSYoungGen      total 385536K, used 4357K [0x000000076b800000, 0x0000000784c80000, 0x00000007c0000000)
  eden space 380928K, 0% used [0x000000076b800000,0x000000076b800000,0x0000000782c00000)
  from space 4608K, 94% used [0x0000000784800000,0x0000000784c415f8,0x0000000784c80000)
  to   space 15360K, 0% used [0x0000000782e80000,0x0000000782e80000,0x0000000783d80000)
 ParOldGen       total 125952K, used 22926K [0x00000006c2800000, 0x00000006ca300000, 0x000000076b800000)
  object space 125952K, 18% used [0x00000006c2800000,0x00000006c3e63848,0x00000006ca300000)
 Metaspace       used 38141K, capacity 38528K, committed 39040K, reserved 1083392K
  class space    used 4555K, capacity 4663K, committed 4736K, reserved 1048576K
}
Event: 13.592 GC heap before
{Heap before GC invocations=11 (full 2):
 PSYoungGen      total 385536K, used 385285K [0x000000076b800000, 0x0000000784c80000, 0x00000007c0000000)
  eden space 380928K, 100% used [0x000000076b800000,0x0000000782c00000,0x0000000782c00000)
  from space 4608K, 94% used [0x0000000784800000,0x0000000784c415f8,0x0000000784c80000)
  to   space 15360K, 0% used [0x0000000782e80000,0x0000000782e80000,0x0000000783d80000)
 ParOldGen       total 125952K, used 22926K [0x00000006c2800000, 0x00000006ca300000, 0x000000076b800000)
  object space 125952K, 18% used [0x00000006c2800000,0x00000006c3e63848,0x00000006ca300000)
 Metaspace       used 41919K, capacity 42612K, committed 42880K, reserved 1087488K
  class space    used 4947K, capacity 5124K, committed 5248K, reserved 1048576K
Event: 13.612 GC heap after
Heap after GC invocations=11 (full 2):
 PSYoungGen      total 398848K, used 15346K [0x000000076b800000, 0x000000078e980000, 0x00000007c0000000)
  eden space 383488K, 0% used [0x000000076b800000,0x000000076b800000,0x0000000782e80000)
  from space 15360K, 99% used [0x0000000782e80000,0x0000000783d7c8b0,0x0000000783d80000)
  to   space 25088K, 0% used [0x000000078d100000,0x000000078d100000,0x000000078e980000)
 ParOldGen       total 125952K, used 41282K [0x00000006c2800000, 0x00000006ca300000, 0x000000076b800000)
  object space 125952K, 32% used [0x00000006c2800000,0x00000006c50509c0,0x00000006ca300000)
 Metaspace       used 41919K, capacity 42612K, committed 42880K, reserved 1087488K
  class space    used 4947K, capacity 5124K, committed 5248K, reserved 1048576K
}

